<?xml version="1.0" encoding="UTF-8"?>
<!-- Generated by org.testng.reporters.JUnitReportReporter -->
<testsuite hostname="amandadeMacBook-Pro.local" failures="0" tests="7" name="test.TestNG" time="27.316" errors="0" timestamp="02 Dec 2017 09:21:49 GMT" skipped="0">
  <testcase classname="test.TestNG" name="confirmOrder" time="0.197"/>
  <testcase classname="test.TestNG" name="checkoutAndConfirmMagicMouse" time="3.298"/>
  <testcase classname="test.TestNG" name="enterBillDataAndPurchase" time="17.022"/>
  <testcase classname="test.TestNG" name="launchSite" time="2.493"/>
  <testcase classname="test.TestNG" name="addMagicMouseToCart" time="1.273"/>
  <testcase classname="test.TestNG" name="selectAccessories" time="2.803"/>
  <testcase classname="test.TestNG" name="clickOnContinue" time="0.230"/>
</testsuite> <!-- test.TestNG -->
